[ 2016-06-25 16:42:33.7713 1201/0x7fff78428000 age/Wat/WatchdogMain.cpp:1301 ]: Starting Passenger watchdog...
[ 2016-06-25 16:42:33.7971 1203/0x7fff78428000 age/Cor/CoreMain.cpp:982 ]: Starting Passenger core...
[ 2016-06-25 16:42:33.7979 1203/0x7fff78428000 age/Cor/CoreMain.cpp:235 ]: Passenger core running in multi-application mode.
[ 2016-06-25 16:42:33.8140 1203/0x7fff78428000 age/Cor/CoreMain.cpp:732 ]: Passenger core online, PID 1203
[ 2016-06-25 16:42:33.8233 1205/0x7fff78428000 age/Ust/UstRouterMain.cpp:529 ]: Starting Passenger UstRouter...
[ 2016-06-25 16:42:33.8268 1205/0x7fff78428000 age/Ust/UstRouterMain.cpp:342 ]: Passenger UstRouter online, PID 1205
App 1217 stdout: 
App 1217 stdout: => Started proxy.
App 1217 stdout: => Started MongoDB.
App 1217 stdout: => Started your app.
App 1217 stdout: 
App 1217 stdout: => App running at: http://localhost:2806/

[ 2016-06-25 16:57:32.5128 1203/0x70000018a000 age/Cor/CoreMain.cpp:532 ]: Signal received. Gracefully shutting down... (send signal 2 more time(s) to force shutdown)
[ 2016-06-25 16:57:32.5130 1203/0x7fff78428000 age/Cor/CoreMain.cpp:901 ]: Received command to shutdown gracefully. Waiting until all clients have disconnected...

[ 2016-06-25 16:57:32.5131 1205/0x700000104000 age/Ust/UstRouterMain.cpp:422 ]: Signal received. Gracefully shutting down... (send signal 2 more time(s) to force shutdown)
[ 2016-06-25 16:57:32.5133 1205/0x7fff78428000 age/Ust/UstRouterMain.cpp:492 ]: Received command to shutdown gracefully. Waiting until all clients have disconnected...
[ 2016-06-25 16:57:32.5136 1203/0x7fff78428000 age/Cor/CoreMain.cpp:819 ]: Checking whether to disconnect long-running connections for process 1217, application /Users/melou/Dev/meteor-blog/public (development)
[ 2016-06-25 16:57:32.5151 1203/0x700000396000 Ser/Server.h:816 ]: [ServerThr.3] Freed 128 spare client objects
[ 2016-06-25 16:57:32.5151 1203/0x700000396000 Ser/Server.h:464 ]: [ServerThr.3] Shutdown finished
[ 2016-06-25 16:57:32.5152 1203/0x700000290000 Ser/Server.h:816 ]: [ServerThr.2] Freed 128 spare client objects
[ 2016-06-25 16:57:32.5156 1203/0x700000290000 Ser/Server.h:464 ]: [ServerThr.2] Shutdown finished
[ 2016-06-25 16:57:32.5147 1203/0x70000018a000 Ser/Server.h:816 ]: [ServerThr.1] Freed 128 spare client objects
[ 2016-06-25 16:57:32.5156 1203/0x70000049c000 Ser/Server.h:816 ]: [ServerThr.4] Freed 128 spare client objects
[ 2016-06-25 16:57:32.5157 1203/0x70000049c000 Ser/Server.h:464 ]: [ServerThr.4] Shutdown finished
[ 2016-06-25 16:57:32.5157 1203/0x70000018a000 Ser/Server.h:464 ]: [ServerThr.1] Shutdown finished
[ 2016-06-25 16:57:32.5160 1205/0x700000104000 Ser/Server.h:464 ]: [UstRouter] Shutdown finished
[ 2016-06-25 16:57:32.5160 1205/0x70000020a000 Ser/Server.h:816 ]: [UstRouterApiServer] Freed 0 spare client objects
[ 2016-06-25 16:57:32.5163 1205/0x70000020a000 Ser/Server.h:464 ]: [UstRouterApiServer] Shutdown finished
[ 2016-06-25 16:57:32.5166 1203/0x7000005a2000 Ser/Server.h:816 ]: [ApiServer] Freed 0 spare client objects
[ 2016-06-25 16:57:32.5168 1203/0x7000005a2000 Ser/Server.h:464 ]: [ApiServer] Shutdown finished
[ 2016-06-25 16:57:32.5174 1205/0x7fff78428000 age/Ust/UstRouterMain.cpp:523 ]: Passenger UstRouter shutdown finished
[ 2016-06-25 16:57:32.5183 1203/0x7fff78428000 age/Cor/CoreMain.cpp:819 ]: Checking whether to disconnect long-running connections for process 1217, application /Users/melou/Dev/meteor-blog/public (development)
[ 2016-06-25 16:57:32.6863 1203/0x7fff78428000 age/Cor/CoreMain.cpp:967 ]: Passenger core shutdown finished
